<?xml version="1.0" encoding="UTF-8"?>
<testng-results skipped="0" failed="0" ignored="0" total="1" passed="1">
  <reporter-output>
  </reporter-output>
  <suite name="Default suite" duration-ms="27763" started-at="2022-07-13T10:54:39 IST" finished-at="2022-07-13T10:55:07 IST">
    <groups>
    </groups>
    <test name="Default test" duration-ms="27763" started-at="2022-07-13T10:54:39 IST" finished-at="2022-07-13T10:55:07 IST">
      <class name="Assignment.Assign">
        <test-method status="PASS" signature="BT()[pri:0, instance:Assignment.Assign@462d5aee]" name="BT" is-config="true" duration-ms="14371" started-at="2022-07-13T10:54:39 IST" finished-at="2022-07-13T10:54:53 IST">
          <reporter-output>
          </reporter-output>
        </test-method> <!-- BT -->
        <test-method status="PASS" signature="practiceEcommerceTest()[pri:0, instance:Assignment.Assign@462d5aee]" name="practiceEcommerceTest" duration-ms="12908" started-at="2022-07-13T10:54:53 IST" finished-at="2022-07-13T10:55:06 IST">
          <reporter-output>
          </reporter-output>
        </test-method> <!-- practiceEcommerceTest -->
        <test-method status="PASS" signature="AfterTestExecute()[pri:0, instance:Assignment.Assign@462d5aee]" name="AfterTestExecute" is-config="true" duration-ms="453" started-at="2022-07-13T10:55:06 IST" finished-at="2022-07-13T10:55:07 IST">
          <reporter-output>
          </reporter-output>
        </test-method> <!-- AfterTestExecute -->
      </class> <!-- Assignment.Assign -->
    </test> <!-- Default test -->
  </suite> <!-- Default suite -->
</testng-results>
